app/build/intermediates/manifest_merge_blame_file/debug/manifest-merger-blame-debug-report.txt
1<?xml version="1.0" encoding="utf-8"?>
2<manifest xmlns:android="http://schemas.android.com/apk/res/android"
3    package="com.gyz.voipdemo_speex"
4    android:versionCode="1"
5    android:versionName="1.0" >
6
7    <uses-sdk
7-->src/main/AndroidManifest.xml:7:5-47
8        android:minSdkVersion="14"
8-->src/main/AndroidManifest.xml:7:5-47
9        android:targetSdkVersion="27" />
9-->src/main/AndroidManifest.xml:7:15-44
10
11    <uses-permission android:name="android.permission.WRITE_EXTERNAL_STORAGE" />
11-->src/main/AndroidManifest.xml:8:5-80
11-->src/main/AndroidManifest.xml:8:22-78
12    <uses-permission android:name="android.permission.RECORD_AUDIO" />
12-->src/main/AndroidManifest.xml:9:2-67
12-->src/main/AndroidManifest.xml:9:19-65
13    <uses-permission android:name="android.permission.INTERNET" />
13-->src/main/AndroidManifest.xml:10:2-63
13-->src/main/AndroidManifest.xml:10:19-61
14
15    <application
15-->src/main/AndroidManifest.xml:12:5-26:19
16        android:allowBackup="true"
16-->src/main/AndroidManifest.xml:13:9-35
17        android:debuggable="true"
18        android:icon="@drawable/ic_launcher"
18-->src/main/AndroidManifest.xml:14:9-45
19        android:label="@string/app_name"
19-->src/main/AndroidManifest.xml:15:9-41
20        android:testOnly="true"
21        android:theme="@style/AppTheme" >
21-->src/main/AndroidManifest.xml:16:9-40
22        <activity
22-->src/main/AndroidManifest.xml:17:9-25:20
23            android:name="com.gyz.voipdemo_speex.activity.MainActivity"
23-->src/main/AndroidManifest.xml:18:13-72
24            android:label="@string/app_name" >
24-->src/main/AndroidManifest.xml:19:13-45
25            <intent-filter>
25-->src/main/AndroidManifest.xml:20:13-24:29
26                <action android:name="android.intent.action.MAIN" />
26-->src/main/AndroidManifest.xml:21:17-69
26-->src/main/AndroidManifest.xml:21:25-66
27
28                <category android:name="android.intent.category.LAUNCHER" />
28-->src/main/AndroidManifest.xml:23:17-77
28-->src/main/AndroidManifest.xml:23:27-74
29            </intent-filter>
30        </activity>
31    </application>
32
33</manifest>